SF:lib\features\auth\presentation\state_mgmt\auth_provider.dart
DA:22,0
DA:23,0
DA:27,0
DA:28,0
DA:29,0
DA:30,0
DA:31,0
DA:35,0
DA:36,0
DA:37,0
DA:38,0
DA:39,0
DA:40,0
DA:44,0
DA:45,0
DA:46,0
DA:47,0
DA:48,0
DA:49,0
DA:50,0
DA:54,0
DA:55,0
DA:56,0
LF:23
LH:0
end_of_record
SF:lib\features\auth\presentation\pages\login_page.dart
DA:14,1
DA:16,1
DA:18,1
DA:20,1
DA:21,1
DA:22,1
DA:23,1
DA:26,1
DA:29,1
DA:31,1
DA:33,3
DA:38,1
DA:39,1
DA:43,2
DA:48,1
DA:49,1
DA:57,1
DA:58,7
DA:64,1
DA:66,1
DA:68,1
DA:69,0
DA:70,0
DA:88,1
DA:89,2
DA:90,0
DA:91,0
DA:92,0
DA:93,0
DA:94,0
DA:95,0
LF:31
LH:23
end_of_record
SF:lib\features\auth\domain\usecases\register_usecase.dart
DA:9,0
DA:11,0
DA:14,0
DA:17,0
DA:18,0
DA:19,0
DA:20,0
DA:21,0
LF:8
LH:0
end_of_record
SF:lib\features\auth\domain\usecases\signin_usecase.dart
DA:10,0
DA:12,0
DA:15,0
DA:19,0
DA:21,0
LF:5
LH:0
end_of_record
SF:lib\features\auth\domain\usecases\signout_usecase.dart
DA:9,0
DA:11,0
DA:13,0
LF:3
LH:0
end_of_record
SF:lib\common\remote\firestore_singleton.dart
DA:6,0
DA:9,0
DA:15,0
DA:19,0
DA:20,0
DA:27,0
DA:32,0
DA:33,0
DA:34,0
DA:43,0
DA:49,0
DA:50,0
DA:52,0
DA:58,0
DA:64,0
DA:71,0
DA:76,0
DA:83,0
DA:94,0
DA:95,0
DA:97,0
DA:98,0
DA:100,0
DA:101,0
DA:103,0
DA:104,0
DA:106,0
DA:107,0
DA:109,0
DA:110,0
DA:112,0
DA:113,0
DA:115,0
DA:116,0
DA:119,0
DA:123,0
DA:126,0
DA:133,0
DA:144,0
DA:145,0
DA:147,0
DA:148,0
DA:150,0
DA:151,0
DA:153,0
DA:154,0
DA:156,0
DA:157,0
DA:159,0
DA:160,0
DA:162,0
DA:163,0
DA:165,0
DA:166,0
DA:169,0
DA:173,0
DA:176,0
DA:185,0
DA:190,0
DA:191,0
DA:192,0
DA:193,0
DA:195,0
DA:201,0
DA:206,0
DA:207,0
DA:208,0
DA:210,0
DA:211,0
DA:214,0
DA:220,0
DA:225,0
DA:228,0
DA:229,0
DA:230,0
DA:231,0
DA:233,0
DA:234,0
DA:236,0
DA:237,0
DA:239,0
DA:240,0
DA:242,0
DA:243,0
DA:245,0
DA:246,0
DA:248,0
DA:249,0
DA:251,0
DA:252,0
DA:255,0
DA:260,0
DA:263,0
DA:275,0
LF:94
LH:0
end_of_record
SF:lib\features\auth\data\data_sources\fireauth_singleton.dart
DA:7,0
DA:10,0
DA:13,0
DA:19,0
DA:22,0
DA:24,0
DA:28,0
DA:36,0
DA:39,0
DA:43,0
DA:50,0
DA:58,0
DA:64,0
DA:66,0
DA:67,0
DA:71,0
DA:72,0
DA:73,0
DA:77,0
DA:78,0
DA:79,0
DA:83,0
DA:89,0
DA:91,0
DA:99,0
DA:101,0
DA:109,0
LF:27
LH:0
end_of_record
SF:lib\features\users\data\data_sources\remote\firestore_singleton.dart
DA:6,0
DA:9,0
DA:15,0
DA:17,0
DA:18,0
DA:21,0
DA:27,0
DA:28,0
DA:30,0
DA:31,0
DA:35,0
DA:41,0
DA:43,0
DA:44,0
DA:48,0
DA:51,0
DA:57,0
DA:59,0
DA:60,0
DA:63,0
DA:66,0
DA:72,0
DA:74,0
DA:75,0
DA:78,0
DA:83,0
DA:86,0
DA:87,0
DA:94,0
DA:95,0
DA:99,0
DA:102,0
DA:107,0
DA:110,0
DA:112,0
DA:116,0
DA:117,0
DA:120,0
DA:124,0
DA:129,0
DA:132,0
DA:134,0
DA:138,0
DA:139,0
DA:142,0
DA:144,0
DA:149,0
DA:152,0
DA:154,0
DA:158,0
DA:159,0
DA:162,0
DA:165,0
LF:53
LH:0
end_of_record
SF:lib\features\users\data\model\user.dart
DA:12,0
DA:21,0
DA:22,0
DA:23,0
DA:24,0
DA:25,0
DA:26,0
DA:27,0
DA:28,0
DA:32,0
DA:33,0
DA:34,0
DA:35,0
DA:36,0
DA:37,0
DA:38,0
DA:39,0
DA:43,0
DA:44,0
DA:45,0
DA:46,0
DA:47,0
DA:48,0
DA:49,0
DA:50,0
LF:25
LH:0
end_of_record
SF:lib\features\auth\data\repository\auth_repository.dart
DA:10,0
DA:12,0
DA:15,0
DA:17,0
DA:22,0
DA:25,0
DA:32,0
DA:37,0
DA:40,0
DA:42,0
DA:47,0
DA:50,0
DA:52,0
DA:57,0
DA:59,0
DA:62,0
DA:64,0
LF:17
LH:0
end_of_record
SF:lib\features\auth\domain\usecases\usecase_parameters.dart
DA:5,0
DA:14,0
LF:2
LH:0
end_of_record
SF:lib\features\auth\presentation\pages\signup_page.dart
DA:10,0
DA:18,0
DA:19,0
DA:21,0
DA:22,0
DA:23,0
DA:24,0
DA:25,0
DA:30,0
DA:31,0
DA:32,0
DA:33,0
DA:39,0
DA:41,0
DA:42,0
DA:43,0
DA:44,0
DA:45,0
DA:48,0
DA:49,0
DA:50,0
DA:53,0
DA:54,0
DA:58,0
DA:59,0
DA:63,0
DA:68,0
DA:69,0
DA:73,0
DA:78,0
DA:79,0
DA:83,0
DA:88,0
DA:89,0
DA:97,0
DA:98,0
DA:100,0
DA:101,0
DA:102,0
DA:103,0
DA:104,0
LF:41
LH:0
end_of_record
SF:lib\features\auth\presentation\state_mgmt\validator_functions.dart
DA:1,1
DA:2,1
DA:4,0
DA:5,0
DA:11,1
DA:12,1
DA:15,0
DA:21,0
DA:22,0
LF:9
LH:4
end_of_record
SF:lib\features\auth\presentation\widgets\custom_password_field.dart
DA:11,1
DA:19,1
DA:20,1
DA:26,1
DA:28,1
DA:29,2
DA:30,2
DA:31,1
DA:32,2
DA:33,2
DA:34,1
DA:35,1
DA:36,1
DA:40,0
DA:41,0
DA:42,0
DA:47,1
DA:48,2
LF:18
LH:15
end_of_record
SF:lib\features\auth\presentation\widgets\custom_text_field.dart
DA:11,1
DA:20,1
DA:22,1
DA:23,1
DA:24,1
DA:25,1
DA:26,3
DA:31,0
DA:32,0
DA:35,3
DA:41,1
DA:46,1
LF:12
LH:10
end_of_record
SF:lib\features\events\data\model\event.dart
DA:15,0
DA:26,0
DA:27,0
DA:28,0
DA:29,0
DA:30,0
DA:31,0
DA:32,0
DA:33,0
DA:34,0
DA:39,0
DA:40,0
DA:41,0
DA:42,0
DA:43,0
DA:44,0
DA:45,0
DA:46,0
DA:47,0
DA:52,0
DA:53,0
DA:54,0
DA:55,0
DA:56,0
DA:57,0
DA:58,0
DA:59,0
DA:60,0
LF:28
LH:0
end_of_record
SF:lib\features\events\domain\entity\event.dart
DA:14,0
DA:25,0
DA:26,0
DA:27,0
DA:28,0
DA:29,0
DA:30,0
DA:31,0
DA:32,0
DA:33,0
DA:37,0
DA:41,0
DA:42,0
DA:43,0
DA:44,0
DA:45,0
DA:46,0
DA:47,0
DA:48,0
DA:51,0
DA:53,0
DA:54,0
DA:55,0
DA:56,0
DA:57,0
DA:58,0
DA:59,0
DA:62,0
DA:63,0
DA:64,0
DA:65,0
DA:66,0
DA:67,0
DA:68,0
DA:69,0
DA:70,0
DA:74,0
DA:75,0
DA:76,0
DA:77,0
DA:78,0
DA:79,0
DA:80,0
DA:81,0
DA:82,0
LF:45
LH:0
end_of_record
SF:lib\features\notification\data\firebase_messaging_api\firebase_messaging_api.dart
DA:7,0
DA:8,0
DA:9,0
DA:12,0
DA:14,0
DA:19,0
DA:21,0
DA:24,0
DA:25,0
DA:30,0
DA:32,0
DA:33,0
DA:38,0
DA:50,0
DA:56,0
DA:57,0
DA:59,0
DA:63,0
DA:64,0
DA:72,0
DA:73,0
DA:74,0
DA:75,0
DA:76,0
DA:77,0
DA:78,0
DA:79,0
DA:80,0
DA:83,0
DA:84,0
DA:85,0
DA:87,0
DA:88,0
DA:89,0
DA:90,0
DA:91,0
DA:92,0
DA:93,0
DA:94,0
DA:95,0
DA:96,0
DA:106,0
DA:107,0
DA:108,0
DA:109,0
DA:110,0
DA:111,0
DA:112,0
LF:48
LH:0
end_of_record
SF:lib\features\users\domain\entity\user.dart
DA:12,0
DA:14,0
DA:15,0
DA:16,0
DA:17,0
DA:18,0
DA:19,0
DA:20,0
DA:21,0
DA:25,0
DA:26,0
DA:27,0
DA:28,0
DA:29,0
DA:30,0
DA:31,0
DA:32,0
DA:38,0
DA:39,0
DA:42,0
DA:44,0
DA:49,0
DA:50,0
DA:53,0
DA:54,0
LF:25
LH:0
end_of_record
